<?xml version="1.0"?><coverage lines-covered="2" lines-valid="4" line-rate="0.5" branches-covered="0" branches-valid="0" branch-rate="0" complexity="0" version="1.9" timestamp="1722477643"><sources><source>/Users/doshi/Documents/zero2prod</source></sources><packages><package name="src" line-rate="0.5" branch-rate="0" complexity="0"><classes><class name="lib" filename="src/lib.rs" line-rate="1" branch-rate="0" complexity="0"><methods/><lines><line number="1" hits="3"/><line number="2" hits="3"/></lines></class><class name="main" filename="src/main.rs" line-rate="0" branch-rate="0" complexity="0"><methods/><lines><line number="1" hits="0"/><line number="2" hits="0"/></lines></class></classes></package><package name="tests" line-rate="0" branch-rate="0" complexity="0"><classes></classes></package></packages></coverage>