<?xml version="1.0"?><coverage lines-covered="14" lines-valid="19" line-rate="0.7368421052631579" branches-covered="0" branches-valid="0" branch-rate="0" complexity="0" version="1.9" timestamp="1723931466"><sources><source>/Users/doshi/Documents/zero2prod</source></sources><packages><package name="src" line-rate="0.7368421052631579" branch-rate="0" complexity="0"><classes><class name="lib" filename="src/lib.rs" line-rate="0.875" branch-rate="0" complexity="0"><methods/><lines><line number="5" hits="4"/><line number="6" hits="2"/><line number="10" hits="4"/><line number="11" hits="2"/><line number="17" hits="0"/><line number="18" hits="0"/><line number="22" hits="4"/><line number="23" hits="2"/><line number="26" hits="6"/><line number="27" hits="36"/><line number="28" hits="24"/><line number="29" hits="24"/><line number="30" hits="24"/><line number="31" hits="24"/><line number="32" hits="24"/><line number="34" hits="6"/></lines></class><class name="main" filename="src/main.rs" line-rate="0" branch-rate="0" complexity="0"><methods/><lines><line number="6" hits="0"/><line number="7" hits="0"/><line number="8" hits="0"/></lines></class></classes></package><package name="tests" line-rate="0" branch-rate="0" complexity="0"><classes></classes></package><package name="tests/common" line-rate="0" branch-rate="0" complexity="0"><classes></classes></package></packages></coverage>